<?xml version="1.0" encoding="UTF-8"?>
<testsuite xmlns:xsi="http://www.w3.org/2001/XMLSchema-instance" xsi:noNamespaceSchemaLocation="https://maven.apache.org/surefire/maven-surefire-plugin/xsd/surefire-test-report-3.0.xsd" version="3.0" name="TestSuite" time="30.744" tests="5" errors="0" skipped="0" failures="1">
  <properties>
    <property name="java.specification.version" value="21"/>
    <property name="sun.cpu.isalist" value="amd64"/>
    <property name="sun.jnu.encoding" value="Cp1252"/>
    <property name="java.class.path" value="C:\Users\This pc\Desktop\RestAssuredPractise\rest-api-testing-using-RestAssured\target\test-classes;C:\Users\This pc\Desktop\RestAssuredPractise\rest-api-testing-using-RestAssured\target\classes;C:\Users\This pc\.m2\repository\org\testng\testng\7.0.0-beta3\testng-7.0.0-beta3.jar;C:\Users\This pc\.m2\repository\com\beust\jcommander\1.72\jcommander-1.72.jar;C:\Users\This pc\.m2\repository\io\rest-assured\rest-assured\3.3.0\rest-assured-3.3.0.jar;C:\Users\This pc\.m2\repository\org\codehaus\groovy\groovy\2.4.15\groovy-2.4.15.jar;C:\Users\This pc\.m2\repository\org\codehaus\groovy\groovy-xml\2.4.15\groovy-xml-2.4.15.jar;C:\Users\This pc\.m2\repository\org\apache\httpcomponents\httpclient\4.5.3\httpclient-4.5.3.jar;C:\Users\This pc\.m2\repository\org\apache\httpcomponents\httpcore\4.4.6\httpcore-4.4.6.jar;C:\Users\This pc\.m2\repository\commons-logging\commons-logging\1.2\commons-logging-1.2.jar;C:\Users\This pc\.m2\repository\org\apache\httpcomponents\httpmime\4.5.3\httpmime-4.5.3.jar;C:\Users\This pc\.m2\repository\org\hamcrest\hamcrest-core\1.3\hamcrest-core-1.3.jar;C:\Users\This pc\.m2\repository\org\hamcrest\hamcrest-library\1.3\hamcrest-library-1.3.jar;C:\Users\This pc\.m2\repository\org\ccil\cowan\tagsoup\tagsoup\1.2.1\tagsoup-1.2.1.jar;C:\Users\This pc\.m2\repository\io\rest-assured\json-path\3.3.0\json-path-3.3.0.jar;C:\Users\This pc\.m2\repository\org\codehaus\groovy\groovy-json\2.4.15\groovy-json-2.4.15.jar;C:\Users\This pc\.m2\repository\io\rest-assured\rest-assured-common\3.3.0\rest-assured-common-3.3.0.jar;C:\Users\This pc\.m2\repository\io\rest-assured\xml-path\3.3.0\xml-path-3.3.0.jar;C:\Users\This pc\.m2\repository\javax\xml\bind\jaxb-api\2.2.12\jaxb-api-2.2.12.jar;C:\Users\This pc\.m2\repository\com\sun\xml\bind\jaxb-osgi\2.2.10\jaxb-osgi-2.2.10.jar;C:\Users\This pc\.m2\repository\org\apache\sling\org.apache.sling.javax.activation\0.1.0\org.apache.sling.javax.activation-0.1.0.jar;C:\Users\This pc\.m2\repository\javax\activation\activation\1.1.1\activation-1.1.1.jar;C:\Users\This pc\.m2\repository\com\googlecode\json-simple\json-simple\1.1.1\json-simple-1.1.1.jar;C:\Users\This pc\.m2\repository\junit\junit\4.10\junit-4.10.jar;C:\Users\This pc\.m2\repository\io\qameta\allure\allure-testng\2.10.0\allure-testng-2.10.0.jar;C:\Users\This pc\.m2\repository\io\qameta\allure\allure-java-commons\2.10.0\allure-java-commons-2.10.0.jar;C:\Users\This pc\.m2\repository\io\qameta\allure\allure-model\2.10.0\allure-model-2.10.0.jar;C:\Users\This pc\.m2\repository\org\slf4j\slf4j-api\1.7.25\slf4j-api-1.7.25.jar;C:\Users\This pc\.m2\repository\org\apache\tika\tika-core\1.20\tika-core-1.20.jar;C:\Users\This pc\.m2\repository\org\jooq\joor-java-8\0.9.10\joor-java-8-0.9.10.jar;C:\Users\This pc\.m2\repository\com\fasterxml\jackson\core\jackson-databind\2.9.9\jackson-databind-2.9.9.jar;C:\Users\This pc\.m2\repository\com\fasterxml\jackson\core\jackson-core\2.9.9\jackson-core-2.9.9.jar;C:\Users\This pc\.m2\repository\com\fasterxml\jackson\core\jackson-annotations\2.9.9\jackson-annotations-2.9.9.jar;C:\Users\This pc\.m2\repository\commons-io\commons-io\2.6\commons-io-2.6.jar;C:\Users\This pc\.m2\repository\org\apache\commons\commons-lang3\3.8.1\commons-lang3-3.8.1.jar;C:\Users\This pc\.m2\repository\org\apache\poi\poi\4.0.1\poi-4.0.1.jar;C:\Users\This pc\.m2\repository\commons-codec\commons-codec\1.11\commons-codec-1.11.jar;C:\Users\This pc\.m2\repository\org\apache\commons\commons-collections4\4.2\commons-collections4-4.2.jar;C:\Users\This pc\.m2\repository\org\apache\commons\commons-math3\3.6.1\commons-math3-3.6.1.jar;C:\Users\This pc\.m2\repository\org\apache\poi\poi-ooxml\4.0.1\poi-ooxml-4.0.1.jar;C:\Users\This pc\.m2\repository\org\apache\poi\poi-ooxml-schemas\4.0.1\poi-ooxml-schemas-4.0.1.jar;C:\Users\This pc\.m2\repository\org\apache\xmlbeans\xmlbeans\3.0.2\xmlbeans-3.0.2.jar;C:\Users\This pc\.m2\repository\org\apache\commons\commons-compress\1.18\commons-compress-1.18.jar;C:\Users\This pc\.m2\repository\com\github\virtuald\curvesapi\1.05\curvesapi-1.05.jar;"/>
    <property name="java.vm.vendor" value="Oracle Corporation"/>
    <property name="sun.arch.data.model" value="64"/>
    <property name="user.variant" value=""/>
    <property name="java.vendor.url" value="https://java.oracle.com/"/>
    <property name="user.timezone" value="Asia/Calcutta"/>
    <property name="os.name" value="Windows 11"/>
    <property name="java.vm.specification.version" value="21"/>
    <property name="sun.java.launcher" value="SUN_STANDARD"/>
    <property name="user.country" value="US"/>
    <property name="sun.boot.library.path" value="C:\Users\This pc\.jdks\openjdk-21.0.2\bin"/>
    <property name="sun.java.command" value="C:\Users\This pc\AppData\Local\Temp\surefire2071504386592221795\surefirebooter13735743569740340126.jar C:\Users\This pc\AppData\Local\Temp\surefire2071504386592221795 2024-04-23T11-41-17_322-jvmRun1 surefire8954418423799505659tmp surefire_012520093476157641856tmp"/>
    <property name="jdk.debug" value="release"/>
    <property name="surefire.test.class.path" value="C:\Users\This pc\Desktop\RestAssuredPractise\rest-api-testing-using-RestAssured\target\test-classes;C:\Users\This pc\Desktop\RestAssuredPractise\rest-api-testing-using-RestAssured\target\classes;C:\Users\This pc\.m2\repository\org\testng\testng\7.0.0-beta3\testng-7.0.0-beta3.jar;C:\Users\This pc\.m2\repository\com\beust\jcommander\1.72\jcommander-1.72.jar;C:\Users\This pc\.m2\repository\io\rest-assured\rest-assured\3.3.0\rest-assured-3.3.0.jar;C:\Users\This pc\.m2\repository\org\codehaus\groovy\groovy\2.4.15\groovy-2.4.15.jar;C:\Users\This pc\.m2\repository\org\codehaus\groovy\groovy-xml\2.4.15\groovy-xml-2.4.15.jar;C:\Users\This pc\.m2\repository\org\apache\httpcomponents\httpclient\4.5.3\httpclient-4.5.3.jar;C:\Users\This pc\.m2\repository\org\apache\httpcomponents\httpcore\4.4.6\httpcore-4.4.6.jar;C:\Users\This pc\.m2\repository\commons-logging\commons-logging\1.2\commons-logging-1.2.jar;C:\Users\This pc\.m2\repository\org\apache\httpcomponents\httpmime\4.5.3\httpmime-4.5.3.jar;C:\Users\This pc\.m2\repository\org\hamcrest\hamcrest-core\1.3\hamcrest-core-1.3.jar;C:\Users\This pc\.m2\repository\org\hamcrest\hamcrest-library\1.3\hamcrest-library-1.3.jar;C:\Users\This pc\.m2\repository\org\ccil\cowan\tagsoup\tagsoup\1.2.1\tagsoup-1.2.1.jar;C:\Users\This pc\.m2\repository\io\rest-assured\json-path\3.3.0\json-path-3.3.0.jar;C:\Users\This pc\.m2\repository\org\codehaus\groovy\groovy-json\2.4.15\groovy-json-2.4.15.jar;C:\Users\This pc\.m2\repository\io\rest-assured\rest-assured-common\3.3.0\rest-assured-common-3.3.0.jar;C:\Users\This pc\.m2\repository\io\rest-assured\xml-path\3.3.0\xml-path-3.3.0.jar;C:\Users\This pc\.m2\repository\javax\xml\bind\jaxb-api\2.2.12\jaxb-api-2.2.12.jar;C:\Users\This pc\.m2\repository\com\sun\xml\bind\jaxb-osgi\2.2.10\jaxb-osgi-2.2.10.jar;C:\Users\This pc\.m2\repository\org\apache\sling\org.apache.sling.javax.activation\0.1.0\org.apache.sling.javax.activation-0.1.0.jar;C:\Users\This pc\.m2\repository\javax\activation\activation\1.1.1\activation-1.1.1.jar;C:\Users\This pc\.m2\repository\com\googlecode\json-simple\json-simple\1.1.1\json-simple-1.1.1.jar;C:\Users\This pc\.m2\repository\junit\junit\4.10\junit-4.10.jar;C:\Users\This pc\.m2\repository\io\qameta\allure\allure-testng\2.10.0\allure-testng-2.10.0.jar;C:\Users\This pc\.m2\repository\io\qameta\allure\allure-java-commons\2.10.0\allure-java-commons-2.10.0.jar;C:\Users\This pc\.m2\repository\io\qameta\allure\allure-model\2.10.0\allure-model-2.10.0.jar;C:\Users\This pc\.m2\repository\org\slf4j\slf4j-api\1.7.25\slf4j-api-1.7.25.jar;C:\Users\This pc\.m2\repository\org\apache\tika\tika-core\1.20\tika-core-1.20.jar;C:\Users\This pc\.m2\repository\org\jooq\joor-java-8\0.9.10\joor-java-8-0.9.10.jar;C:\Users\This pc\.m2\repository\com\fasterxml\jackson\core\jackson-databind\2.9.9\jackson-databind-2.9.9.jar;C:\Users\This pc\.m2\repository\com\fasterxml\jackson\core\jackson-core\2.9.9\jackson-core-2.9.9.jar;C:\Users\This pc\.m2\repository\com\fasterxml\jackson\core\jackson-annotations\2.9.9\jackson-annotations-2.9.9.jar;C:\Users\This pc\.m2\repository\commons-io\commons-io\2.6\commons-io-2.6.jar;C:\Users\This pc\.m2\repository\org\apache\commons\commons-lang3\3.8.1\commons-lang3-3.8.1.jar;C:\Users\This pc\.m2\repository\org\apache\poi\poi\4.0.1\poi-4.0.1.jar;C:\Users\This pc\.m2\repository\commons-codec\commons-codec\1.11\commons-codec-1.11.jar;C:\Users\This pc\.m2\repository\org\apache\commons\commons-collections4\4.2\commons-collections4-4.2.jar;C:\Users\This pc\.m2\repository\org\apache\commons\commons-math3\3.6.1\commons-math3-3.6.1.jar;C:\Users\This pc\.m2\repository\org\apache\poi\poi-ooxml\4.0.1\poi-ooxml-4.0.1.jar;C:\Users\This pc\.m2\repository\org\apache\poi\poi-ooxml-schemas\4.0.1\poi-ooxml-schemas-4.0.1.jar;C:\Users\This pc\.m2\repository\org\apache\xmlbeans\xmlbeans\3.0.2\xmlbeans-3.0.2.jar;C:\Users\This pc\.m2\repository\org\apache\commons\commons-compress\1.18\commons-compress-1.18.jar;C:\Users\This pc\.m2\repository\com\github\virtuald\curvesapi\1.05\curvesapi-1.05.jar;"/>
    <property name="sun.cpu.endian" value="little"/>
    <property name="user.home" value="C:\Users\This pc"/>
    <property name="user.language" value="en"/>
    <property name="java.specification.vendor" value="Oracle Corporation"/>
    <property name="java.version.date" value="2024-01-16"/>
    <property name="java.home" value="C:\Users\This pc\.jdks\openjdk-21.0.2"/>
    <property name="file.separator" value="\"/>
    <property name="basedir" value="C:\Users\This pc\Desktop\RestAssuredPractise\rest-api-testing-using-RestAssured"/>
    <property name="java.vm.compressedOopsMode" value="Zero based"/>
    <property name="line.separator" value="&#10;"/>
    <property name="java.vm.specification.vendor" value="Oracle Corporation"/>
    <property name="java.specification.name" value="Java Platform API Specification"/>
    <property name="surefire.real.class.path" value="C:\Users\This pc\AppData\Local\Temp\surefire2071504386592221795\surefirebooter13735743569740340126.jar"/>
    <property name="user.script" value=""/>
    <property name="sun.management.compiler" value="HotSpot 64-Bit Tiered Compilers"/>
    <property name="java.runtime.version" value="21.0.2+13-58"/>
    <property name="user.name" value="This pc"/>
    <property name="stdout.encoding" value="Cp1252"/>
    <property name="path.separator" value=";"/>
    <property name="os.version" value="10.0"/>
    <property name="java.runtime.name" value="OpenJDK Runtime Environment"/>
    <property name="file.encoding" value="UTF-8"/>
    <property name="java.vm.name" value="OpenJDK 64-Bit Server VM"/>
    <property name="localRepository" value="C:\Users\This pc\.m2\repository"/>
    <property name="java.vendor.url.bug" value="https://bugreport.java.com/bugreport/"/>
    <property name="java.io.tmpdir" value="C:\Users\THISPC~1\AppData\Local\Temp\"/>
    <property name="idea.version" value="2023.3.2"/>
    <property name="java.version" value="21.0.2"/>
    <property name="user.dir" value="C:\Users\This pc\Desktop\RestAssuredPractise\rest-api-testing-using-RestAssured"/>
    <property name="os.arch" value="amd64"/>
    <property name="java.vm.specification.name" value="Java Virtual Machine Specification"/>
    <property name="sun.os.patch.level" value=""/>
    <property name="native.encoding" value="Cp1252"/>
    <property name="java.library.path" value="C:\Users\This pc\.jdks\openjdk-21.0.2\bin;C:\WINDOWS\Sun\Java\bin;C:\WINDOWS\system32;C:\WINDOWS;C:\Program Files\Common Files\Oracle\Java\javapath;C:\Python312\Scripts\;C:\Python312\;C:\WINDOWS\system32;C:\WINDOWS;C:\WINDOWS\System32\Wbem;C:\WINDOWS\System32\WindowsPowerShell\v1.0\;C:\WINDOWS\System32\OpenSSH\;C:\Program Files\Intel\WiFi\bin\;C:\Program Files\Common Files\Intel\WirelessCommon\;C:\Program Files\nodejs\;C:\ProgramData\chocolatey\bin;C:\Program Files\Git\cmd;C:\DevTools\apache-maven-3.9.6\bin;C:\Program Files\Java\jdk-21\bin;C:\Users\This pc\AppData\Local\Microsoft\WindowsApps;C:\Program Files\maven\apache-maven-3.9.6\bin;;C:\Program Files\JetBrains\IntelliJ IDEA Community Edition 2023.3.2\bin;;C:\Users\This pc\AppData\Roaming\npm;C:\Users\This pc\AppData\Local\Programs\Microsoft VS Code\bin;."/>
    <property name="java.vm.info" value="mixed mode, sharing"/>
    <property name="stderr.encoding" value="Cp1252"/>
    <property name="java.vendor" value="Oracle Corporation"/>
    <property name="java.vm.version" value="21.0.2+13-58"/>
    <property name="sun.io.unicode.encoding" value="UnicodeLittle"/>
    <property name="java.class.version" value="65.0"/>
  </properties>
  <testcase name="getBookingIDs" classname="GetBooking" time="4.237">
    <failure message="expected [Mary] but found [Sally]" type="java.lang.AssertionError">java.lang.AssertionError: expected [Mary] but found [Sally]
	at GetBooking.getBookingIDs(GetBooking.java:57)
</failure>
    <system-out><![CDATA[workSheetName name is : Booking
testCaseName name is : GetBooking
Sheet name is : Booking
worksheet.getLastRowNum : 6
worksheet.getFirstRowNum : 0
getRowCount is : 6
cell String is : GetBooking
test case name is : GetBooking
testCaseStartRow is : 1
cell.getStringCellValue() : GetBooking
testCaseName.trim() : GetBooking
cell.getStringCellValue() : GetBooking
testCaseName.trim() : GetBooking
cell.getStringCellValue() : GetBooking
testCaseName.trim() : GetBooking
cell.getStringCellValue() : GetBooking
testCaseName.trim() : GetBooking
cell.getStringCellValue() : Test case
testCaseName.trim() : GetBooking
testCaseEndRow is : 4
usedColumnsCount is : 9
usedColumnsCount+1 is 10
Total no. of test case iteration is : 1
Total Number of Rows Selected is 1
Cell content is : 1
Cell content is : Mary
Cell content is : Jones
Cell content is : 243
Cell content is : false
Cell content is : 2017-04-16
Cell content is : 2018-02-03
Cell content is : 
{"firstname":"Sally","lastname":"Smith","totalprice":240,"depositpaid":true,"bookingdates":{"checkin":"2024-03-05","checkout":"2024-04-18"},"additionalneeds":"Breakfast"}
]]></system-out>
    <system-err><![CDATA[SLF4J: Failed to load class "org.slf4j.impl.StaticLoggerBinder".
SLF4J: Defaulting to no-operation (NOP) logger implementation
SLF4J: See http://www.slf4j.org/codes.html#StaticLoggerBinder for further details.
]]></system-err>
  </testcase>
  <testcase name="createNewBooking" classname="CreateBooking" time="2.653"/>
  <testcase name="updateBooking" classname="UpdateBooking" time="6.839"/>
  <testcase name="updateBooking" classname="PartialUpdateBooking" time="5.724"/>
  <testcase name="getBookingIDs" classname="DeleteBooking" time="5.515"/>
</testsuite>