<?xml version="1.0" encoding="UTF-8"?>
<!-- Generated by org.testng.reporters.JUnitReportReporter -->
<testsuite hostname="DESKTOP-PKTOR69" failures="0" tests="1" name="DeleteBooking" time="5.516" errors="0" timestamp="2024-04-23T11:41:58 IST" skipped="0">
  <testcase classname="DeleteBooking" name="getBookingIDs" time="5.516"/>
</testsuite> <!-- DeleteBooking -->
