<?xml version="1.0" encoding="UTF-8"?>
<!-- Generated by org.testng.reporters.JUnitReportReporter -->
<testsuite hostname="DESKTOP-PKTOR69" failures="0" tests="1" name="PartialUpdateBooking" time="5.726" errors="0" timestamp="2024-04-23T11:41:58 IST" skipped="0">
  <testcase classname="PartialUpdateBooking" name="updateBooking" time="5.726"/>
</testsuite> <!-- PartialUpdateBooking -->
